<?xml version="1.0" encoding="UTF-8"?>
<!-- Generated by org.testng.reporters.JUnitReportReporter -->
<testsuite skipped="0" hostname="Admin_SRV-PC" name="javaPrograms.revrsenumber" tests="5" failures="0" timestamp="2022-05-30T17:15:36 IST" time="7.431" errors="0">
  <testcase name="fabbonacinumber" time="7.411" classname="javaPrograms.revrsenumber"/>
  <system-out/>
  <testcase name="factoraildata" time="0.006" classname="javaPrograms.revrsenumber"/>
  <system-out/>
  <testcase name="pallendirom" time="0.003" classname="javaPrograms.revrsenumber"/>
  <system-out/>
  <testcase name="odevenumber" time="0.008" classname="javaPrograms.revrsenumber"/>
  <system-out/>
  <testcase name="revrsenumber" time="0.003" classname="javaPrograms.revrsenumber"/>
  <system-out/>
</testsuite> <!-- javaPrograms.revrsenumber -->
