<?xml version="1.0" encoding="UTF-8"?>
<!-- Generated by org.testng.reporters.JUnitReportReporter -->
<testsuite skipped="0" hostname="Admin_SRV-PC" name="javaPrograms.CollectionDemo" tests="1" failures="0" timestamp="2022-05-16T22:04:59 IST" time="0.015" errors="0">
  <testcase name="Collectionclass" time="0.015" classname="javaPrograms.CollectionDemo"/>
  <system-out/>
</testsuite> <!-- javaPrograms.CollectionDemo -->
