<?xml version="1.0" encoding="UTF-8"?>
<!-- Generated by org.testng.reporters.JUnitReportReporter -->
<testsuite skipped="0" hostname="Admin_SRV-PC" name="javaPrograms.swapnumber" tests="1" failures="0" timestamp="2022-05-18T08:36:41 IST" time="8.799" errors="0">
  <testcase name="swapnumber" time="8.799" classname="javaPrograms.swapnumber"/>
  <system-out/>
</testsuite> <!-- javaPrograms.swapnumber -->
