<?xml version="1.0" encoding="UTF-8"?>
<!-- Generated by org.testng.reporters.JUnitReportReporter -->
<testsuite skipped="0" hostname="Admin_SRV-PC" name="javaPrograms.patternProgram" tests="4" failures="0" timestamp="2022-06-04T16:11:07 IST" time="0.063" errors="0">
  <testcase name="alaphanumric" time="0.015" classname="javaPrograms.patternProgram"/>
  <system-out/>
  <testcase name="righttringle" time="0.000" classname="javaPrograms.patternProgram"/>
  <system-out/>
  <testcase name="num100t" time="0.032" classname="javaPrograms.patternProgram"/>
  <system-out/>
  <testcase name="lefttringle" time="0.016" classname="javaPrograms.patternProgram"/>
  <system-out/>
</testsuite> <!-- javaPrograms.patternProgram -->
