<?xml version="1.0" encoding="UTF-8"?>
<!-- Generated by org.testng.reporters.JUnitReportReporter -->
<testsuite skipped="0" hostname="Admin_SRV-PC" name="javaPrograms.breakncontinue" tests="1" failures="0" timestamp="2022-05-14T17:16:30 IST" time="0.012" errors="0">
  <testcase name="brekstatment" time="0.012" classname="javaPrograms.breakncontinue"/>
  <system-out/>
</testsuite> <!-- javaPrograms.breakncontinue -->
