<?xml version="1.0" encoding="UTF-8"?>
<!-- Generated by org.testng.reporters.JUnitReportReporter -->
<testsuite skipped="0" hostname="Admin_SRV-PC" name="javaPrograms.pattern" tests="10" failures="0" timestamp="2022-06-04T16:10:26 IST" time="0.094" errors="0">
  <testcase name="uppertrigle" time="0.000" classname="javaPrograms.pattern"/>
  <system-out/>
  <testcase name="daimondprint" time="0.000" classname="javaPrograms.pattern"/>
  <system-out/>
  <testcase name="leftbotmpatrn" time="0.000" classname="javaPrograms.pattern"/>
  <system-out/>
  <testcase name="alphabaticpattern" time="0.000" classname="javaPrograms.pattern"/>
  <system-out/>
  <testcase name="leftpattern" time="0.015" classname="javaPrograms.pattern"/>
  <system-out/>
  <testcase name="numberincreasing" time="0.000" classname="javaPrograms.pattern"/>
  <system-out/>
  <testcase name="pattrenmethod" time="0.000" classname="javaPrograms.pattern"/>
  <system-out/>
  <testcase name="alhpapatrn" time="0.047" classname="javaPrograms.pattern"/>
  <system-out/>
  <testcase name="numberpattern" time="0.000" classname="javaPrograms.pattern"/>
  <system-out/>
  <testcase name="print100number" time="0.032" classname="javaPrograms.pattern"/>
  <system-out/>
</testsuite> <!-- javaPrograms.pattern -->
