<?xml version="1.0" encoding="UTF-8"?>
<!-- Generated by org.testng.reporters.JUnitReportReporter -->
<testsuite skipped="0" hostname="Admin_SRV-PC" name="javaPrograms.Factorailprog" tests="2" failures="0" timestamp="2022-05-30T09:06:52 IST" time="0.021" errors="0">
  <testcase name="factorialprogram" time="0.019" classname="javaPrograms.Factorailprog"/>
  <system-out/>
  <testcase name="revrsenum" time="0.002" classname="javaPrograms.Factorailprog"/>
  <system-out/>
</testsuite> <!-- javaPrograms.Factorailprog -->
