<?xml version="1.0" encoding="UTF-8"?>
<!-- Generated by org.testng.reporters.JUnitReportReporter -->
<testsuite skipped="0" hostname="Admin_SRV-PC" name="javaPrograms.array" tests="4" failures="0" timestamp="2022-05-14T18:53:51 IST" time="0.019" errors="0">
  <testcase name="jaggedarray" time="0.012" classname="javaPrograms.array"/>
  <system-out/>
  <testcase name="twodarray" time="0.002" classname="javaPrograms.array"/>
  <system-out/>
  <testcase name="onedarray" time="0.003" classname="javaPrograms.array"/>
  <system-out/>
  <testcase name="loopEnhance" time="0.002" classname="javaPrograms.array"/>
  <system-out/>
</testsuite> <!-- javaPrograms.array -->
