<?xml version="1.0" encoding="UTF-8"?>
<!-- Generated by org.testng.reporters.JUnitReportReporter -->
<testsuite skipped="0" hostname="Admin_SRV-PC" name="javaPrograms.SetandMapInterface" tests="3" failures="0" timestamp="2022-05-17T07:58:35 IST" time="0.023" errors="0">
  <testcase name="mapinterfacedemo" time="0.014" classname="javaPrograms.SetandMapInterface"/>
  <system-out/>
  <testcase name="treeSetdemo" time="0.002" classname="javaPrograms.SetandMapInterface"/>
  <system-out/>
  <testcase name="setinterfacedemo" time="0.007" classname="javaPrograms.SetandMapInterface"/>
  <system-out/>
</testsuite> <!-- javaPrograms.SetandMapInterface -->
