<?xml version="1.0" encoding="UTF-8"?>
<!-- Generated by org.testng.reporters.JUnitReportReporter -->
<testsuite skipped="0" hostname="Admin_SRV-PC" name="javaPrograms.whilendowhileloop" tests="2" failures="0" timestamp="2022-05-12T12:04:49 IST" time="0.020" errors="0">
  <testcase name="dowhileloop" time="0.018" classname="javaPrograms.whilendowhileloop"/>
  <system-out/>
  <testcase name="whileloop" time="0.002" classname="javaPrograms.whilendowhileloop"/>
  <system-out/>
</testsuite> <!-- javaPrograms.whilendowhileloop -->
