<?xml version="1.0" encoding="UTF-8"?>
<!-- Generated by org.testng.reporters.JUnitReportReporter -->
<testsuite skipped="0" hostname="Admin_SRV-PC" name="javaPrograms.Revresestring" tests="3" failures="0" timestamp="2022-05-30T22:22:34 IST" time="0.014" errors="0">
  <testcase name="addstring" time="0.010" classname="javaPrograms.Revresestring"/>
  <system-out/>
  <testcase name="reverseString" time="0.002" classname="javaPrograms.Revresestring"/>
  <system-out/>
  <testcase name="palendiromstring" time="0.002" classname="javaPrograms.Revresestring"/>
  <system-out/>
</testsuite> <!-- javaPrograms.Revresestring -->
