<?xml version="1.0" encoding="UTF-8"?>
<!-- Generated by org.testng.reporters.JUnitReportReporter -->
<testsuite skipped="0" hostname="Admin_SRV-PC" name="javaPrograms.primenumbers" tests="2" failures="0" timestamp="2022-05-29T20:27:27 IST" time="0.022" errors="0">
  <testcase name="Primenum" time="0.020" classname="javaPrograms.primenumbers"/>
  <system-out/>
  <testcase name="fabonaci" time="0.002" classname="javaPrograms.primenumbers"/>
  <system-out/>
</testsuite> <!-- javaPrograms.primenumbers -->
