<?xml version="1.0" encoding="UTF-8"?>
<!-- Generated by org.testng.reporters.JUnitReportReporter -->
<testsuite skipped="0" hostname="Admin_SRV-PC" name="javaPrograms.Collectonpackage" tests="4" failures="0" timestamp="2022-05-16T11:33:31 IST" time="0.029" errors="0">
  <testcase name="Mapinterfacedemo" time="0.017" classname="javaPrograms.Collectonpackage"/>
  <system-out/>
  <testcase name="setineterfacedemo" time="0.005" classname="javaPrograms.Collectonpackage"/>
  <system-out/>
  <testcase name="listdemo" time="0.004" classname="javaPrograms.Collectonpackage"/>
  <system-out/>
  <testcase name="collectionp" time="0.003" classname="javaPrograms.Collectonpackage"/>
  <system-out/>
</testsuite> <!-- javaPrograms.Collectonpackage -->
