<?xml version="1.0" encoding="UTF-8"?>
<!-- Generated by org.testng.reporters.JUnitReportReporter -->
<testsuite skipped="0" hostname="Admin_SRV-PC" name="javaPrograms.Factorailprog" tests="2" failures="0" timestamp="2022-06-04T18:02:51 IST" time="0.015" errors="0">
  <testcase name="factorialprogram" time="0.000" classname="javaPrograms.Factorailprog"/>
  <system-out/>
  <testcase name="revrsenum" time="0.015" classname="javaPrograms.Factorailprog"/>
  <system-out/>
</testsuite> <!-- javaPrograms.Factorailprog -->
