<?xml version="1.0" encoding="UTF-8"?>
<!-- Generated by org.testng.reporters.JUnitReportReporter -->
<testsuite skipped="0" hostname="Admin_SRV-PC" name="javaPrograms.array" tests="5" failures="0" timestamp="2022-06-11T18:29:51 IST" time="0.063" errors="0">
  <testcase name="loopEnhance" time="0.004" classname="javaPrograms.array"/>
  <system-out/>
  <testcase name="onedarray" time="0.005" classname="javaPrograms.array"/>
  <system-out/>
  <testcase name="twodarray" time="0.004" classname="javaPrograms.array"/>
  <system-out/>
  <testcase name="jaggedarray" time="0.046" classname="javaPrograms.array"/>
  <system-out/>
  <testcase name="loop1ench" time="0.004" classname="javaPrograms.array"/>
  <system-out/>
</testsuite> <!-- javaPrograms.array -->
