<?xml version="1.0" encoding="UTF-8"?>
<!-- Generated by org.testng.reporters.JUnitReportReporter -->
<testsuite skipped="0" hostname="Admin_SRV-PC" name="javaPrograms.array" tests="5" failures="0" timestamp="2022-06-27T10:32:02 IST" time="0.030" errors="0">
  <testcase name="onedarray" time="0.005" classname="javaPrograms.array"/>
  <system-out/>
  <testcase name="twodarray" time="0.005" classname="javaPrograms.array"/>
  <system-out/>
  <testcase name="loop1ench" time="0.000" classname="javaPrograms.array"/>
  <system-out/>
  <testcase name="jaggedarray" time="0.015" classname="javaPrograms.array"/>
  <system-out/>
  <testcase name="loopEnhance" time="0.005" classname="javaPrograms.array"/>
  <system-out/>
</testsuite> <!-- javaPrograms.array -->
