<?xml version="1.0" encoding="UTF-8"?>
<!-- Generated by org.testng.reporters.JUnitReportReporter -->
<testsuite skipped="0" hostname="Admin_SRV-PC" name="javaPrograms.nestedloop" tests="2" failures="0" timestamp="2022-05-13T10:15:24 IST" time="0.015" errors="0">
  <testcase name="printnumber" time="0.012" classname="javaPrograms.nestedloop"/>
  <system-out/>
  <testcase name="printstar" time="0.003" classname="javaPrograms.nestedloop"/>
  <system-out/>
</testsuite> <!-- javaPrograms.nestedloop -->
